<?xml version="1.0" encoding="UTF-8"?>
<!-- Generated by org.testng.reporters.JUnitReportReporter -->
<testsuite hostname="DESKTOP-L9TD1GF" failures="0" tests="5" name="practise_package.Practise_test" time="0.037" errors="0" timestamp="2024-01-24T16:19:59 IST" skipped="0">
  <testcase classname="practise_package.Practise_test" name="practiseTest3" time="0.003"/>
  <system-out/>
  <testcase classname="practise_package.Practise_test" name="practiseTest1" time="0.005"/>
  <system-out/>
  <testcase classname="practise_package.Practise_test" name="practiseTest4" time="0.003"/>
  <system-out/>
  <testcase classname="practise_package.Practise_test" name="practiseTest" time="0.023"/>
  <system-out/>
  <testcase classname="practise_package.Practise_test" name="practiseTest2" time="0.003"/>
  <system-out/>
</testsuite> <!-- practise_package.Practise_test -->
