<?xml version="1.0" encoding="UTF-8"?>
<!-- Generated by org.testng.reporters.JUnitReportReporter -->
<testsuite hostname="DESKTOP-L9TD1GF" failures="0" tests="2" name="practise_package.Practise_test" time="0.051" errors="0" timestamp="2024-01-24T11:24:00 IST" skipped="0">
  <testcase classname="practise_package.Practise_test" name="practiseTest1" time="0.005"/>
  <system-out/>
  <testcase classname="practise_package.Practise_test" name="practiseTest" time="0.046"/>
  <system-out/>
</testsuite> <!-- practise_package.Practise_test -->
