<?xml version="1.0" encoding="UTF-8"?>
<!-- Generated by org.testng.reporters.JUnitReportReporter -->
<testsuite hostname="DESKTOP-L9TD1GF" failures="0" tests="2" name="practise_package.DemoTest" time="0.061" errors="0" timestamp="2024-01-24T11:24:00 IST" skipped="0">
  <testcase classname="practise_package.DemoTest" name="demoTest" time="0.058"/>
  <system-out/>
  <testcase classname="practise_package.DemoTest" name="demoTest1" time="0.003"/>
  <system-out/>
</testsuite> <!-- practise_package.DemoTest -->
